2024-04-25 14:39:46,279:INFO:Created Employee: John Smith - John.Smith@email.com
2024-04-25 14:39:46,280:INFO:Created Employee: Corey Schafer - Corey.Schafer@email.com
2024-04-25 14:39:46,280:INFO:Created Employee: Yogesh Rai - Yogesh.Rai@email.com
2024-04-25 14:40:57,639:INFO:Created Employee: John Smith - John.Smith@email.com
2024-04-25 14:40:57,639:INFO:Created Employee: Corey Schafer - Corey.Schafer@email.com
2024-04-25 14:40:57,639:INFO:Created Employee: Yogesh Rai - Yogesh.Rai@email.com
2024-04-25 14:40:57,639:INFO:Add: 10+5=15
2024-04-25 14:40:57,639:INFO:Subtract: 10-5=5
2024-04-25 14:43:09,662:INFO:Created Employee: John Smith - John.Smith@email.com
2024-04-25 14:43:09,663:INFO:Created Employee: Corey Schafer - Corey.Schafer@email.com
2024-04-25 14:43:09,664:INFO:Created Employee: Yogesh Rai - Yogesh.Rai@email.com
2024-04-25 14:44:21,102:INFO:Created Employee: John Smith - John.Smith@email.com
2024-04-25 14:44:21,102:INFO:Created Employee: Corey Schafer - Corey.Schafer@email.com
2024-04-25 14:44:21,102:INFO:Created Employee: Yogesh Rai - Yogesh.Rai@email.com
2024-04-25 14:44:21,102:INFO:Add: 10+5=15
2024-04-25 14:44:21,102:INFO:Subtract: 10-5=5
2024-04-25 14:48:17,653:INFO:Created Employee: John Smith - John.Smith@email.com
2024-04-25 14:48:17,653:INFO:Created Employee: Corey Schafer - Corey.Schafer@email.com
2024-04-25 14:48:17,653:INFO:Created Employee: Yogesh Rai - Yogesh.Rai@email.com
2024-04-25 14:48:17,653:INFO:Add: 10+5=15
2024-04-25 14:48:17,654:INFO:Subtract: 10-5=5
